<?xml version="1.0" encoding="UTF-8"?>
<!-- Generated by org.testng.reporters.JUnitReportReporter -->
<testsuite hostname="DESKTOP-NLME1DM" failures="0" tests="1" name="testCases.TC_002_LoginTest" time="1.621" errors="0" timestamp="2024-05-02T11:46:28 IST" skipped="0">
  <testcase classname="testCases.TC_002_LoginTest" name="verify_login" time="1.621"/>
</testsuite> <!-- testCases.TC_002_LoginTest -->
